# JRE version: OpenJDK Runtime Environment (8.0_112) (build 1.8.0_112-release-736)
# Java VM: OpenJDK 64-Bit Server VM (25.112-b736 mixed mode windows-amd64 compressed oops)
Heap:
 PSYoungGen      total 93184K, used 79819K [0x00000000e0000000, 0x00000000e7000000, 0x0000000100000000)
  eden space 80896K, 98% used [0x00000000e0000000,0x00000000e4df2ce8,0x00000000e4f00000)
  from space 12288K, 0% used [0x00000000e4f00000,0x00000000e4f00000,0x00000000e5b00000)
  to   space 11776K, 0% used [0x00000000e6480000,0x00000000e6480000,0x00000000e7000000)
 ParOldGen       total 83968K, used 32746K [0x00000000a0000000, 0x00000000a5200000, 0x00000000e0000000)
  object space 83968K, 38% used [0x00000000a0000000,0x00000000a1ffaba8,0x00000000a5200000)
 Metaspace       used 57930K, capacity 59824K, committed 60160K, reserved 1101824K
  class space    used 7646K, capacity 8105K, committed 8192K, reserved 1048576K
GC Heap History (10 events):
Event: 175.083 GC heap before
{Heap before GC invocations=26 (full 2):
 PSYoungGen      total 72192K, used 67406K [0x00000000e0000000, 0x00000000e6100000, 0x0000000100000000)
  eden space 58880K, 100% used [0x00000000e0000000,0x00000000e3980000,0x00000000e3980000)
  from space 13312K, 64% used [0x00000000e3980000,0x00000000e41d3ba8,0x00000000e4680000)
  to   space 13312K, 0% used [0x00000000e5400000,0x00000000e5400000,0x00000000e6100000)
 ParOldGen       total 49664K, used 21876K [0x00000000a0000000, 0x00000000a3080000, 0x00000000e0000000)
  object space 49664K, 44% used [0x00000000a0000000,0x00000000a155d028,0x00000000a3080000)
 Metaspace       used 52591K, capacity 54298K, committed 54400K, reserved 1095680K
  class space    used 7092K, capacity 7516K, committed 7552K, reserved 1048576K
Event: 175.111 GC heap after
Heap after GC invocations=26 (full 2):
 PSYoungGen      total 81920K, used 7456K [0x00000000e0000000, 0x00000000e5e80000, 0x0000000100000000)
  eden space 71168K, 0% used [0x00000000e0000000,0x00000000e0000000,0x00000000e4580000)
  from space 10752K, 69% used [0x00000000e5400000,0x00000000e5b48000,0x00000000e5e80000)
  to   space 12800K, 0% used [0x00000000e4580000,0x00000000e4580000,0x00000000e5200000)
 ParOldGen       total 49664K, used 23884K [0x00000000a0000000, 0x00000000a3080000, 0x00000000e0000000)
  object space 49664K, 48% used [0x00000000a0000000,0x00000000a1753358,0x00000000a3080000)
 Metaspace       used 52591K, capacity 54298K, committed 54400K, reserved 1095680K
  class space    used 7092K, capacity 7516K, committed 7552K, reserved 1048576K
}
Event: 186.603 GC heap before
{Heap before GC invocations=27 (full 2):
 PSYoungGen      total 81920K, used 78624K [0x00000000e0000000, 0x00000000e5e80000, 0x0000000100000000)
  eden space 71168K, 100% used [0x00000000e0000000,0x00000000e4580000,0x00000000e4580000)
  from space 10752K, 69% used [0x00000000e5400000,0x00000000e5b48000,0x00000000e5e80000)
  to   space 12800K, 0% used [0x00000000e4580000,0x00000000e4580000,0x00000000e5200000)
 ParOldGen       total 49664K, used 23884K [0x00000000a0000000, 0x00000000a3080000, 0x00000000e0000000)
  object space 49664K, 48% used [0x00000000a0000000,0x00000000a1753358,0x00000000a3080000)
 Metaspace       used 54792K, capacity 56674K, committed 56832K, reserved 1097728K
  class space    used 7384K, capacity 7838K, committed 7936K, reserved 1048576K
Event: 186.646 GC heap after
Heap after GC invocations=27 (full 2):
 PSYoungGen      total 83968K, used 7934K [0x00000000e0000000, 0x00000000e6880000, 0x0000000100000000)
  eden space 71168K, 0% used [0x00000000e0000000,0x00000000e0000000,0x00000000e4580000)
  from space 12800K, 61% used [0x00000000e4580000,0x00000000e4d3fa68,0x00000000e5200000)
  to   space 12800K, 0% used [0x00000000e5c00000,0x00000000e5c00000,0x00000000e6880000)
 ParOldGen       total 49664K, used 27596K [0x00000000a0000000, 0x00000000a3080000, 0x00000000e0000000)
  object space 49664K, 55% used [0x00000000a0000000,0x00000000a1af3198,0x00000000a3080000)
 Metaspace       used 54792K, capacity 56674K, committed 56832K, reserved 1097728K
  class space    used 7384K, capacity 7838K, committed 7936K, reserved 1048576K
}
Event: 194.677 GC heap before
{Heap before GC invocations=28 (full 2):
 PSYoungGen      total 83968K, used 79102K [0x00000000e0000000, 0x00000000e6880000, 0x0000000100000000)
  eden space 71168K, 100% used [0x00000000e0000000,0x00000000e4580000,0x00000000e4580000)
  from space 12800K, 61% used [0x00000000e4580000,0x00000000e4d3fa68,0x00000000e5200000)
  to   space 12800K, 0% used [0x00000000e5c00000,0x00000000e5c00000,0x00000000e6880000)
 ParOldGen       total 49664K, used 27596K [0x00000000a0000000, 0x00000000a3080000, 0x00000000e0000000)
  object space 49664K, 55% used [0x00000000a0000000,0x00000000a1af3198,0x00000000a3080000)
 Metaspace       used 56466K, capacity 58338K, committed 58496K, reserved 1099776K
  class space    used 7497K, capacity 7966K, committed 8064K, reserved 1048576K
Event: 194.714 GC heap after
Heap after GC invocations=28 (full 2):
 PSYoungGen      total 92160K, used 7675K [0x00000000e0000000, 0x00000000e6700000, 0x0000000100000000)
  eden space 80896K, 0% used [0x00000000e0000000,0x00000000e0000000,0x00000000e4f00000)
  from space 11264K, 68% used [0x00000000e5c00000,0x00000000e637ee10,0x00000000e6700000)
  to   space 12288K, 0% used [0x00000000e4f00000,0x00000000e4f00000,0x00000000e5b00000)
 ParOldGen       total 49664K, used 27604K [0x00000000a0000000, 0x00000000a3080000, 0x00000000e0000000)
  object space 49664K, 55% used [0x00000000a0000000,0x00000000a1af5198,0x00000000a3080000)
 Metaspace       used 56466K, capacity 58338K, committed 58496K, reserved 1099776K
  class space    used 7497K, capacity 7966K, committed 8064K, reserved 1048576K
}
Event: 200.874 GC heap before
{Heap before GC invocations=29 (full 2):
 PSYoungGen      total 92160K, used 83966K [0x00000000e0000000, 0x00000000e6700000, 0x0000000100000000)
  eden space 80896K, 94% used [0x00000000e0000000,0x00000000e4a80ba0,0x00000000e4f00000)
  from space 11264K, 68% used [0x00000000e5c00000,0x00000000e637ee10,0x00000000e6700000)
  to   space 12288K, 0% used [0x00000000e4f00000,0x00000000e4f00000,0x00000000e5b00000)
 ParOldGen       total 49664K, used 27604K [0x00000000a0000000, 0x00000000a3080000, 0x00000000e0000000)
  object space 49664K, 55% used [0x00000000a0000000,0x00000000a1af5198,0x00000000a3080000)
 Metaspace       used 56935K, capacity 58822K, committed 59008K, reserved 1099776K
  class space    used 7529K, capacity 7974K, committed 8064K, reserved 1048576K
Event: 200.903 GC heap after
Heap after GC invocations=29 (full 2):
 PSYoungGen      total 93184K, used 6824K [0x00000000e0000000, 0x00000000e7000000, 0x0000000100000000)
  eden space 80896K, 0% used [0x00000000e0000000,0x00000000e0000000,0x00000000e4f00000)
  from space 12288K, 55% used [0x00000000e4f00000,0x00000000e55aa1f0,0x00000000e5b00000)
  to   space 11776K, 0% used [0x00000000e6480000,0x00000000e6480000,0x00000000e7000000)
 ParOldGen       total 49664K, used 27612K [0x00000000a0000000, 0x00000000a3080000, 0x00000000e0000000)
  object space 49664K, 55% used [0x00000000a0000000,0x00000000a1af7198,0x00000000a3080000)
 Metaspace       used 56935K, capacity 58822K, committed 59008K, reserved 1099776K
  class space    used 7529K, capacity 7974K, committed 8064K, reserved 1048576K
}
Event: 200.904 GC heap before
{Heap before GC invocations=30 (full 3):
 PSYoungGen      total 93184K, used 6824K [0x00000000e0000000, 0x00000000e7000000, 0x0000000100000000)
  eden space 80896K, 0% used [0x00000000e0000000,0x00000000e0000000,0x00000000e4f00000)
  from space 12288K, 55% used [0x00000000e4f00000,0x00000000e55aa1f0,0x00000000e5b00000)
  to   space 11776K, 0% used [0x00000000e6480000,0x00000000e6480000,0x00000000e7000000)
 ParOldGen       total 49664K, used 27612K [0x00000000a0000000, 0x00000000a3080000, 0x00000000e0000000)
  object space 49664K, 55% used [0x00000000a0000000,0x00000000a1af7198,0x00000000a3080000)
 Metaspace       used 56935K, capacity 58822K, committed 59008K, reserved 1099776K
  class space    used 7529K, capacity 7974K, committed 8064K, reserved 1048576K
Event: 202.094 GC heap after
Heap after GC invocations=30 (full 3):
 PSYoungGen      total 93184K, used 0K [0x00000000e0000000, 0x00000000e7000000, 0x0000000100000000)
  eden space 80896K, 0% used [0x00000000e0000000,0x00000000e0000000,0x00000000e4f00000)
  from space 12288K, 0% used [0x00000000e4f00000,0x00000000e4f00000,0x00000000e5b00000)
  to   space 11776K, 0% used [0x00000000e6480000,0x00000000e6480000,0x00000000e7000000)
 ParOldGen       total 83968K, used 32746K [0x00000000a0000000, 0x00000000a5200000, 0x00000000e0000000)
  object space 83968K, 38% used [0x00000000a0000000,0x00000000a1ffaba8,0x00000000a5200000)
 Metaspace       used 56911K, capacity 58770K, committed 59008K, reserved 1099776K
  class space    used 7521K, capacity 7958K, committed 8064K, reserved 1048576K
}

