# JRE version: OpenJDK Runtime Environment (8.0_112) (build 1.8.0_112-release-736)
# Java VM: OpenJDK 64-Bit Server VM (25.112-b736 mixed mode windows-amd64 compressed oops)
Heap:
 PSYoungGen      total 148992K, used 80943K [0x00000000e0000000, 0x00000000ec180000, 0x0000000100000000)
  eden space 100864K, 49% used [0x00000000e0000000,0x00000000e3054c48,0x00000000e6280000)
  from space 48128K, 65% used [0x00000000e9200000,0x00000000eb0b7350,0x00000000ec100000)
  to   space 48640K, 0% used [0x00000000e6280000,0x00000000e6280000,0x00000000e9200000)
 ParOldGen       total 101888K, used 78307K [0x00000000a0000000, 0x00000000a6380000, 0x00000000e0000000)
  object space 101888K, 76% used [0x00000000a0000000,0x00000000a4c78cf8,0x00000000a6380000)
 Metaspace       used 82264K, capacity 87936K, committed 88212K, reserved 1126400K
  class space    used 10592K, capacity 11911K, committed 11964K, reserved 1048576K
GC Heap History (10 events):
Event: 7571.791 GC heap before
{Heap before GC invocations=43 (full 3):
 PSYoungGen      total 111616K, used 105493K [0x00000000e0000000, 0x00000000e9800000, 0x0000000100000000)
  eden space 74752K, 100% used [0x00000000e0000000,0x00000000e4900000,0x00000000e4900000)
  from space 36864K, 83% used [0x00000000e4b00000,0x00000000e69057e0,0x00000000e6f00000)
  to   space 40448K, 0% used [0x00000000e7080000,0x00000000e7080000,0x00000000e9800000)
 ParOldGen       total 101888K, used 75706K [0x00000000a0000000, 0x00000000a6380000, 0x00000000e0000000)
  object space 101888K, 74% used [0x00000000a0000000,0x00000000a49eeb68,0x00000000a6380000)
 Metaspace       used 80636K, capacity 85852K, committed 86036K, reserved 1124352K
  class space    used 10333K, capacity 11573K, committed 11580K, reserved 1048576K
Event: 7572.171 GC heap after
Heap after GC invocations=43 (full 3):
 PSYoungGen      total 113152K, used 29783K [0x00000000e0000000, 0x00000000e9a00000, 0x0000000100000000)
  eden space 72704K, 0% used [0x00000000e0000000,0x00000000e0000000,0x00000000e4700000)
  from space 40448K, 73% used [0x00000000e7080000,0x00000000e8d95d38,0x00000000e9800000)
  to   space 42496K, 0% used [0x00000000e4700000,0x00000000e4700000,0x00000000e7080000)
 ParOldGen       total 101888K, used 75714K [0x00000000a0000000, 0x00000000a6380000, 0x00000000e0000000)
  object space 101888K, 74% used [0x00000000a0000000,0x00000000a49f0b68,0x00000000a6380000)
 Metaspace       used 80636K, capacity 85852K, committed 86036K, reserved 1124352K
  class space    used 10333K, capacity 11573K, committed 11580K, reserved 1048576K
}
Event: 7675.561 GC heap before
{Heap before GC invocations=44 (full 3):
 PSYoungGen      total 113152K, used 102458K [0x00000000e0000000, 0x00000000e9a00000, 0x0000000100000000)
  eden space 72704K, 99% used [0x00000000e0000000,0x00000000e46f8da0,0x00000000e4700000)
  from space 40448K, 73% used [0x00000000e7080000,0x00000000e8d95d38,0x00000000e9800000)
  to   space 42496K, 0% used [0x00000000e4700000,0x00000000e4700000,0x00000000e7080000)
 ParOldGen       total 101888K, used 75714K [0x00000000a0000000, 0x00000000a6380000, 0x00000000e0000000)
  object space 101888K, 74% used [0x00000000a0000000,0x00000000a49f0b68,0x00000000a6380000)
 Metaspace       used 81770K, capacity 87210K, committed 87316K, reserved 1124352K
  class space    used 10509K, capacity 11788K, committed 11836K, reserved 1048576K
Event: 7693.950 GC heap after
Heap after GC invocations=44 (full 3):
 PSYoungGen      total 115200K, used 33900K [0x00000000e0000000, 0x00000000eac00000, 0x0000000100000000)
  eden space 72704K, 0% used [0x00000000e0000000,0x00000000e0000000,0x00000000e4700000)
  from space 42496K, 79% used [0x00000000e4700000,0x00000000e681b058,0x00000000e7080000)
  to   space 45568K, 0% used [0x00000000e7f80000,0x00000000e7f80000,0x00000000eac00000)
 ParOldGen       total 101888K, used 75722K [0x00000000a0000000, 0x00000000a6380000, 0x00000000e0000000)
  object space 101888K, 74% used [0x00000000a0000000,0x00000000a49f2b68,0x00000000a6380000)
 Metaspace       used 81770K, capacity 87210K, committed 87316K, reserved 1124352K
  class space    used 10509K, capacity 11788K, committed 11836K, reserved 1048576K
}
Event: 7699.611 GC heap before
{Heap before GC invocations=45 (full 3):
 PSYoungGen      total 115200K, used 106349K [0x00000000e0000000, 0x00000000eac00000, 0x0000000100000000)
  eden space 72704K, 99% used [0x00000000e0000000,0x00000000e46c03e8,0x00000000e4700000)
  from space 42496K, 79% used [0x00000000e4700000,0x00000000e681b058,0x00000000e7080000)
  to   space 45568K, 0% used [0x00000000e7f80000,0x00000000e7f80000,0x00000000eac00000)
 ParOldGen       total 101888K, used 75722K [0x00000000a0000000, 0x00000000a6380000, 0x00000000e0000000)
  object space 101888K, 74% used [0x00000000a0000000,0x00000000a49f2b68,0x00000000a6380000)
 Metaspace       used 81772K, capacity 87210K, committed 87316K, reserved 1124352K
  class space    used 10509K, capacity 11788K, committed 11836K, reserved 1048576K
Event: 7699.809 GC heap after
Heap after GC invocations=45 (full 3):
 PSYoungGen      total 129024K, used 32789K [0x00000000e0000000, 0x00000000eae80000, 0x0000000100000000)
  eden space 83456K, 0% used [0x00000000e0000000,0x00000000e0000000,0x00000000e5180000)
  from space 45568K, 71% used [0x00000000e7f80000,0x00000000e9f855c8,0x00000000eac00000)
  to   space 47104K, 0% used [0x00000000e5180000,0x00000000e5180000,0x00000000e7f80000)
 ParOldGen       total 101888K, used 76082K [0x00000000a0000000, 0x00000000a6380000, 0x00000000e0000000)
  object space 101888K, 74% used [0x00000000a0000000,0x00000000a4a4cbc8,0x00000000a6380000)
 Metaspace       used 81772K, capacity 87210K, committed 87316K, reserved 1124352K
  class space    used 10509K, capacity 11788K, committed 11836K, reserved 1048576K
}
Event: 7699.853 GC heap before
{Heap before GC invocations=46 (full 3):
 PSYoungGen      total 129024K, used 116245K [0x00000000e0000000, 0x00000000eae80000, 0x0000000100000000)
  eden space 83456K, 100% used [0x00000000e0000000,0x00000000e5180000,0x00000000e5180000)
  from space 45568K, 71% used [0x00000000e7f80000,0x00000000e9f855c8,0x00000000eac00000)
  to   space 47104K, 0% used [0x00000000e5180000,0x00000000e5180000,0x00000000e7f80000)
 ParOldGen       total 101888K, used 76082K [0x00000000a0000000, 0x00000000a6380000, 0x00000000e0000000)
  object space 101888K, 74% used [0x00000000a0000000,0x00000000a4a4cbc8,0x00000000a6380000)
 Metaspace       used 81781K, capacity 87210K, committed 87316K, reserved 1124352K
  class space    used 10509K, capacity 11788K, committed 11836K, reserved 1048576K
Event: 7703.642 GC heap after
Heap after GC invocations=46 (full 3):
 PSYoungGen      total 130560K, used 31001K [0x00000000e0000000, 0x00000000ec100000, 0x0000000100000000)
  eden space 83456K, 0% used [0x00000000e0000000,0x00000000e0000000,0x00000000e5180000)
  from space 47104K, 65% used [0x00000000e5180000,0x00000000e6fc67f8,0x00000000e7f80000)
  to   space 48128K, 0% used [0x00000000e9200000,0x00000000e9200000,0x00000000ec100000)
 ParOldGen       total 101888K, used 77851K [0x00000000a0000000, 0x00000000a6380000, 0x00000000e0000000)
  object space 101888K, 76% used [0x00000000a0000000,0x00000000a4c06ca8,0x00000000a6380000)
 Metaspace       used 81781K, capacity 87210K, committed 87316K, reserved 1124352K
  class space    used 10509K, capacity 11788K, committed 11836K, reserved 1048576K
}
Event: 7750.871 GC heap before
{Heap before GC invocations=47 (full 3):
 PSYoungGen      total 130560K, used 114457K [0x00000000e0000000, 0x00000000ec100000, 0x0000000100000000)
  eden space 83456K, 100% used [0x00000000e0000000,0x00000000e5180000,0x00000000e5180000)
  from space 47104K, 65% used [0x00000000e5180000,0x00000000e6fc67f8,0x00000000e7f80000)
  to   space 48128K, 0% used [0x00000000e9200000,0x00000000e9200000,0x00000000ec100000)
 ParOldGen       total 101888K, used 77851K [0x00000000a0000000, 0x00000000a6380000, 0x00000000e0000000)
  object space 101888K, 76% used [0x00000000a0000000,0x00000000a4c06ca8,0x00000000a6380000)
 Metaspace       used 82232K, capacity 87826K, committed 87956K, reserved 1126400K
  class space    used 10586K, capacity 11902K, committed 11964K, reserved 1048576K
Event: 7751.215 GC heap after
Heap after GC invocations=47 (full 3):
 PSYoungGen      total 148992K, used 31452K [0x00000000e0000000, 0x00000000ec180000, 0x0000000100000000)
  eden space 100864K, 0% used [0x00000000e0000000,0x00000000e0000000,0x00000000e6280000)
  from space 48128K, 65% used [0x00000000e9200000,0x00000000eb0b7350,0x00000000ec100000)
  to   space 48640K, 0% used [0x00000000e6280000,0x00000000e6280000,0x00000000e9200000)
 ParOldGen       total 101888K, used 78307K [0x00000000a0000000, 0x00000000a6380000, 0x00000000e0000000)
  object space 101888K, 76% used [0x00000000a0000000,0x00000000a4c78cf8,0x00000000a6380000)
 Metaspace       used 82232K, capacity 87826K, committed 87956K, reserved 1126400K
  class space    used 10586K, capacity 11902K, committed 11964K, reserved 1048576K
}

