# JRE version: OpenJDK Runtime Environment (8.0_112) (build 1.8.0_112-release-736)
# Java VM: OpenJDK 64-Bit Server VM (25.112-b736 mixed mode windows-amd64 compressed oops)
Heap:
 PSYoungGen      total 151552K, used 101837K [0x00000000e0000000, 0x00000000ebb80000, 0x0000000100000000)
  eden space 139264K, 68% used [0x00000000e0000000,0x00000000e5ce2058,0x00000000e8800000)
  from space 12288K, 54% used [0x00000000e8800000,0x00000000e8e91508,0x00000000e9400000)
  to   space 11776K, 0% used [0x00000000eb000000,0x00000000eb000000,0x00000000ebb80000)
 ParOldGen       total 73728K, used 54677K [0x00000000a0000000, 0x00000000a4800000, 0x00000000e0000000)
  object space 73728K, 74% used [0x00000000a0000000,0x00000000a35655f0,0x00000000a4800000)
 Metaspace       used 72548K, capacity 75618K, committed 75992K, reserved 1116160K
  class space    used 9172K, capacity 9876K, committed 9984K, reserved 1048576K
GC Heap History (10 events):
Event: 455.331 GC heap before
{Heap before GC invocations=32 (full 3):
 PSYoungGen      total 107008K, used 106093K [0x00000000e0000000, 0x00000000e7580000, 0x0000000100000000)
  eden space 96768K, 99% used [0x00000000e0000000,0x00000000e5e50d80,0x00000000e5e80000)
  from space 10240K, 92% used [0x00000000e6980000,0x00000000e72caa50,0x00000000e7380000)
  to   space 11264K, 0% used [0x00000000e5e80000,0x00000000e5e80000,0x00000000e6980000)
 ParOldGen       total 73728K, used 41360K [0x00000000a0000000, 0x00000000a4800000, 0x00000000e0000000)
  object space 73728K, 56% used [0x00000000a0000000,0x00000000a28643d0,0x00000000a4800000)
 Metaspace       used 69230K, capacity 72162K, committed 72408K, reserved 1112064K
  class space    used 8906K, capacity 9622K, committed 9728K, reserved 1048576K
Event: 455.386 GC heap after
Heap after GC invocations=32 (full 3):
 PSYoungGen      total 108032K, used 11243K [0x00000000e0000000, 0x00000000e8580000, 0x0000000100000000)
  eden space 96768K, 0% used [0x00000000e0000000,0x00000000e0000000,0x00000000e5e80000)
  from space 11264K, 99% used [0x00000000e5e80000,0x00000000e697ac90,0x00000000e6980000)
  to   space 13312K, 0% used [0x00000000e7880000,0x00000000e7880000,0x00000000e8580000)
 ParOldGen       total 73728K, used 42189K [0x00000000a0000000, 0x00000000a4800000, 0x00000000e0000000)
  object space 73728K, 57% used [0x00000000a0000000,0x00000000a29334b8,0x00000000a4800000)
 Metaspace       used 69230K, capacity 72162K, committed 72408K, reserved 1112064K
  class space    used 8906K, capacity 9622K, committed 9728K, reserved 1048576K
}
Event: 455.431 GC heap before
{Heap before GC invocations=33 (full 3):
 PSYoungGen      total 108032K, used 107913K [0x00000000e0000000, 0x00000000e8580000, 0x0000000100000000)
  eden space 96768K, 99% used [0x00000000e0000000,0x00000000e5e67aa8,0x00000000e5e80000)
  from space 11264K, 99% used [0x00000000e5e80000,0x00000000e697ac90,0x00000000e6980000)
  to   space 13312K, 0% used [0x00000000e7880000,0x00000000e7880000,0x00000000e8580000)
 ParOldGen       total 73728K, used 42189K [0x00000000a0000000, 0x00000000a4800000, 0x00000000e0000000)
  object space 73728K, 57% used [0x00000000a0000000,0x00000000a29334b8,0x00000000a4800000)
 Metaspace       used 69235K, capacity 72162K, committed 72408K, reserved 1112064K
  class space    used 8906K, capacity 9622K, committed 9728K, reserved 1048576K
Event: 455.462 GC heap after
Heap after GC invocations=33 (full 3):
 PSYoungGen      total 123904K, used 6363K [0x00000000e0000000, 0x00000000e9200000, 0x0000000100000000)
  eden space 110592K, 0% used [0x00000000e0000000,0x00000000e0000000,0x00000000e6c00000)
  from space 13312K, 47% used [0x00000000e7880000,0x00000000e7eb6c80,0x00000000e8580000)
  to   space 12800K, 0% used [0x00000000e6c00000,0x00000000e6c00000,0x00000000e7880000)
 ParOldGen       total 73728K, used 47054K [0x00000000a0000000, 0x00000000a4800000, 0x00000000e0000000)
  object space 73728K, 63% used [0x00000000a0000000,0x00000000a2df3800,0x00000000a4800000)
 Metaspace       used 69235K, capacity 72162K, committed 72408K, reserved 1112064K
  class space    used 8906K, capacity 9622K, committed 9728K, reserved 1048576K
}
Event: 463.845 GC heap before
{Heap before GC invocations=34 (full 3):
 PSYoungGen      total 123904K, used 116955K [0x00000000e0000000, 0x00000000e9200000, 0x0000000100000000)
  eden space 110592K, 100% used [0x00000000e0000000,0x00000000e6c00000,0x00000000e6c00000)
  from space 13312K, 47% used [0x00000000e7880000,0x00000000e7eb6c80,0x00000000e8580000)
  to   space 12800K, 0% used [0x00000000e6c00000,0x00000000e6c00000,0x00000000e7880000)
 ParOldGen       total 73728K, used 47054K [0x00000000a0000000, 0x00000000a4800000, 0x00000000e0000000)
  object space 73728K, 63% used [0x00000000a0000000,0x00000000a2df3800,0x00000000a4800000)
 Metaspace       used 69341K, capacity 72350K, committed 72664K, reserved 1112064K
  class space    used 8922K, capacity 9634K, committed 9728K, reserved 1048576K
Event: 463.877 GC heap after
Heap after GC invocations=34 (full 3):
 PSYoungGen      total 123392K, used 3424K [0x00000000e0000000, 0x00000000ea200000, 0x0000000100000000)
  eden space 110592K, 0% used [0x00000000e0000000,0x00000000e0000000,0x00000000e6c00000)
  from space 12800K, 26% used [0x00000000e6c00000,0x00000000e6f58000,0x00000000e7880000)
  to   space 12800K, 0% used [0x00000000e9580000,0x00000000e9580000,0x00000000ea200000)
 ParOldGen       total 73728K, used 52985K [0x00000000a0000000, 0x00000000a4800000, 0x00000000e0000000)
  object space 73728K, 71% used [0x00000000a0000000,0x00000000a33be5a0,0x00000000a4800000)
 Metaspace       used 69341K, capacity 72350K, committed 72664K, reserved 1112064K
  class space    used 8922K, capacity 9634K, committed 9728K, reserved 1048576K
}
Event: 488.802 GC heap before
{Heap before GC invocations=35 (full 3):
 PSYoungGen      total 123392K, used 114016K [0x00000000e0000000, 0x00000000ea200000, 0x0000000100000000)
  eden space 110592K, 100% used [0x00000000e0000000,0x00000000e6c00000,0x00000000e6c00000)
  from space 12800K, 26% used [0x00000000e6c00000,0x00000000e6f58000,0x00000000e7880000)
  to   space 12800K, 0% used [0x00000000e9580000,0x00000000e9580000,0x00000000ea200000)
 ParOldGen       total 73728K, used 52985K [0x00000000a0000000, 0x00000000a4800000, 0x00000000e0000000)
  object space 73728K, 71% used [0x00000000a0000000,0x00000000a33be5a0,0x00000000a4800000)
 Metaspace       used 71510K, capacity 74510K, committed 74712K, reserved 1114112K
  class space    used 9161K, capacity 9874K, committed 9984K, reserved 1048576K
Event: 488.833 GC heap after
Heap after GC invocations=35 (full 3):
 PSYoungGen      total 150016K, used 4609K [0x00000000e0000000, 0x00000000ea000000, 0x0000000100000000)
  eden space 139264K, 0% used [0x00000000e0000000,0x00000000e0000000,0x00000000e8800000)
  from space 10752K, 42% used [0x00000000e9580000,0x00000000e9a00600,0x00000000ea000000)
  to   space 12288K, 0% used [0x00000000e8800000,0x00000000e8800000,0x00000000e9400000)
 ParOldGen       total 73728K, used 53113K [0x00000000a0000000, 0x00000000a4800000, 0x00000000e0000000)
  object space 73728K, 72% used [0x00000000a0000000,0x00000000a33de5a0,0x00000000a4800000)
 Metaspace       used 71510K, capacity 74510K, committed 74712K, reserved 1114112K
  class space    used 9161K, capacity 9874K, committed 9984K, reserved 1048576K
}
Event: 495.424 GC heap before
{Heap before GC invocations=36 (full 3):
 PSYoungGen      total 150016K, used 143873K [0x00000000e0000000, 0x00000000ea000000, 0x0000000100000000)
  eden space 139264K, 100% used [0x00000000e0000000,0x00000000e8800000,0x00000000e8800000)
  from space 10752K, 42% used [0x00000000e9580000,0x00000000e9a00600,0x00000000ea000000)
  to   space 12288K, 0% used [0x00000000e8800000,0x00000000e8800000,0x00000000e9400000)
 ParOldGen       total 73728K, used 53113K [0x00000000a0000000, 0x00000000a4800000, 0x00000000e0000000)
  object space 73728K, 72% used [0x00000000a0000000,0x00000000a33de5a0,0x00000000a4800000)
 Metaspace       used 72386K, capacity 75418K, committed 75736K, reserved 1116160K
  class space    used 9171K, capacity 9876K, committed 9984K, reserved 1048576K
Event: 495.534 GC heap after
Heap after GC invocations=36 (full 3):
 PSYoungGen      total 151552K, used 6725K [0x00000000e0000000, 0x00000000ebb80000, 0x0000000100000000)
  eden space 139264K, 0% used [0x00000000e0000000,0x00000000e0000000,0x00000000e8800000)
  from space 12288K, 54% used [0x00000000e8800000,0x00000000e8e91508,0x00000000e9400000)
  to   space 11776K, 0% used [0x00000000eb000000,0x00000000eb000000,0x00000000ebb80000)
 ParOldGen       total 73728K, used 54677K [0x00000000a0000000, 0x00000000a4800000, 0x00000000e0000000)
  object space 73728K, 74% used [0x00000000a0000000,0x00000000a35655f0,0x00000000a4800000)
 Metaspace       used 72386K, capacity 75418K, committed 75736K, reserved 1116160K
  class space    used 9171K, capacity 9876K, committed 9984K, reserved 1048576K
}

